###########################################################################
#
# Copyright (c) 2009, 2011, Oracle and/or its affiliates. All rights reserved.
# DO NOT ALTER OR REMOVE COPYRIGHT NOTICES OR THIS FILE HEADER.
#
# This code is free software; you can redistribute it and/or modify it
# under the terms of the GNU General Public License version 2 only, as
# published by the Free Software Foundation.  Oracle designates this
# particular file as subject to the "Classpath" exception as provided
# by Oracle in the LICENSE file that accompanied this code.
#
# This code is distributed in the hope that it will be useful, but WITHOUT
# ANY WARRANTY; without even the implied warranty of MERCHANTABILITY or
# FITNESS FOR A PARTICULAR PURPOSE.  See the GNU General Public License
# version 2 for more details (a copy is included in the LICENSE file that
# accompanied this code).
#
# You should have received a copy of the GNU General Public License version
# 2 along with this work; if not, write to the Free Software Foundation,
# Inc., 51 Franklin St, Fifth Floor, Boston, MA 02110-1301 USA.
#
# Please contact Oracle, 500 Oracle Parkway, Redwood Shores, CA 94065 USA
# or visit www.oracle.com if you need additional information or have any
# questions.
#
###########################################################################
#
# List of tests that should not be run by test/Makefile, for various reasons:
#   1. Does not run with jtreg -samevm mode
#   2. Causes problems in jtreg -samevm mode for jtreg or tests that follow it
#   3. The test is too slow or consumes too many system resources
#   4. The test fails when run on any official build systems
#
# It is possible that a test being on this list is a mistake, and that some
#   other test in samevm mode caused tests to fail, mistakes happen.
#
# Tests marked @ignore are not run by test/Makefile, but harmless to be listed.
#
# Tests that explicitly state "@run main/othervm ...", and are not listed here,
#   will be run in the same batch as the samevm tests.
#
# Shell tests are othervm by default.
#
# List items  are testnames followed by labels, all MUST BE commented
#   as to why they are here and use a label:
#     generic-all       Problems on all platforms
#     generic-ARCH      Where ARCH is one of: sparc, sparcv9, x64, i586, etc.
#     OSNAME-all        Where OSNAME is one of: solaris, linux, windows
#     OSNAME-ARCH       Specific on to one OSNAME and ARCH, e.g. solaris-x64
#     OSNAME-REV        Specific on to one OSNAME and REV, e.g. solaris-5.8
#
# More than one label is allowed but must be on the same line.
#
#############################################################################
#
# Running the tests:
#    cd test && make JT_HOME=jtreg_home PRODUCT_HOME=jdk_home jdk_all
#  Or instead of jdk_all, use any of the jdk_* targets.
#
# Samevm Notes:
#  * Although some tests may have only been seen to fail on some platforms,
#    they might be flagged as 'generic-all' because the problem they have
#    could cause hidden slowdowns on other platforms.
#    Most samevm problems will be generic-all, but windows usually dislikes
#    them the most.
#    Address already in use or connection errors indicate a generic port issue.
#    (this is not necessarily a samevm issue, but an issue for running the tests
#     on shared machines, two people or two test runs will collide).
#  * Samevm problem (windows in particular) is not closing all input/output
#  * Samevm problem when a test calls setSecurityManager()
#  * Samevm problem with setHttps*() is used? (not exactly sure here)
#  * Samevm problem when stuffing system properties with non Strings or anything
#  * Samevm problem when changing vm settings, or registering any vm actions
#  * Samevm problems with deleteOnExit(), if it must happen at end of test
#  * Samevm problems with URLClassLoader? (no details here)
#  * Samevm problems with dependence on predictable GC or finalizations
#
# Any of the above problems may mean the test needs to be flagged as "othervm".
#
#############################################################################
#
# Fixing the tests:
#
# Some tests just may need to be run with "othervm", and that can easily be
#   done my adding a @run line (or modifying any existing @run):
#      @run main/othervm NameOfMainClass
#   Make sure this @run follows any use of @library.
#   Otherwise, if the test is a samevm possibility, make sure the test is
#     cleaning up after itself, closing all streams, deleting temp files, etc.
#
# Keep in mind that the bug could be in many places, and even different per
#   platform, it could be a bug in any one of:
#      - the testcase
#      - the jdk (jdk classes, native code, or hotspot)
#      - the native compiler
#      - the javac compiler
#      - the OS (depends on what the testcase does)
#
# If you managed to really fix one of these tests, here is how you can
#    remove tests from this list:
#  1. Make sure test passes on all platforms with samevm, or mark it othervm
#  2. Make sure test passes on all platforms when run with it's entire group
#  3. Make sure both VMs are tested, -server and -client, if possible
#  4. Make sure you try the -d64 option on Solaris
#  5. Use a tool like JPRT or something to verify these results
#  6. Delete lines in this file, include the changes with your test changes
#
# You may need to repeat your testing 2 or even 3 times to verify good
#   results, some of these samevm failures are not very predictable.
#
#############################################################################

############################################################################

# jdk_awt

############################################################################

# jdk_beans

############################################################################

# jdk_lang

# 7123972
java/lang/annotation/loaderLeak/Main.java                       generic-all

# Times out on solaris 10 sparc
java/lang/ClassLoader/Assert.java                               generic-all

# Solaris sparc, samevm, java.lang.Exception: Read from closed pipe hangs
java/lang/Runtime/exec/SleepyCat.java                           generic-all

# Times out on solaris sparc -server
java/lang/ThreadLocal/MemoryLeak.java                           solaris-all

# Windows X64, RuntimeException: MyThread expected to have RUNNABLE but got WAITING
java/lang/Thread/ThreadStateTest.java                           generic-all

# 7148492
java/lang/management/MemoryMXBean/ResetPeakMemoryUsage.java	generic-all

############################################################################

# jdk_management

# Failing, bug was filed: 6959636
javax/management/loading/LibraryLoader/LibraryLoaderTest.java   generic-all

# Access denied messages on windows/mks, filed 6954450
sun/management/jmxremote/bootstrap/RmiSslNoKeyStoreTest.sh      windows-all

# Fails on linux: KO: StringMonitor notification missed or not emitted
javax/management/monitor/NonComparableAttributeValueTest.java   generic-all

# Port conflict? Fails with communication error
sun/management/jmxremote/bootstrap/PasswordFilePermissionTest.sh generic-all

# Fails on Windows 2000, Test failed for iiop java.lang.NullPointerException
#  at org.omg.stub.javax.management.remote.rmi._RMIConnectionImpl_Tie._invoke(Unknown Source)
#  at com.sun.corba.se.impl.protocol.CorbaServerRequestDispatcherImpl.dispatchToServant(CorbaServerRequestDispatcherImpl.java:653)
javax/management/remote/mandatory/connection/ReconnectTest.java generic-all

# Solaris 10 sparc, NPE from org.omg.stub.javax.management.remote.rmi._RMIConnectionImpl_Tie._invoke
javax/management/remote/mandatory/threads/ExecutorTest.java     generic-all

# Linux 32bit Fedora 9, IllegalStateException
javax/management/monitor/RuntimeExceptionTest.java              generic-all

# Problems with rmi connection, othervm
javax/management/remote/mandatory/subjectDelegation/SubjectDelegation2Test.java generic-all

# Fails with port already in use
sun/management/jmxremote/bootstrap/SSLConfigFilePermissionTest.sh generic-all

# Fails with port already in use
sun/management/jmxremote/bootstrap/RmiRegistrySslTest.sh        generic-all

# Windows, connection can't last that long
javax/management/eventService/LeaseTest.java                    generic-all

# Linux othervm, X64, java.lang.Exception: Failed: ratio=102.4027795593753
javax/management/remote/mandatory/notif/ListenerScaleTest.java  generic-all

# Windows run seems to have triggered a hotspot gc error (see 6801625)
com/sun/management/HotSpotDiagnosticMXBean/DumpHeap.sh          generic-all

# rmi problem? othervm, java.lang.reflect.UndeclaredThrowableException
javax/management/remote/mandatory/subjectDelegation/SubjectDelegation3Test.java generic-all

# Linux Fedora 9 32bit NPE in rmi server somehere??? othervm
javax/management/remote/mandatory/notif/NotificationBufferDeadlockTest.java generic-all

# Times out on solaris sparc, with othervm
javax/management/eventService/AddRemoveListenerTest.java        generic-all

# Linux i586 and x64 -server, timed out waiting for threads to expire? othervm
javax/management/eventService/EventClientThreadTest.java        generic-all

# Linux i586 -server, Expected to receive 20, but got 21, othervm
#   Fails on Linux X64 -server 20!=21
javax/management/eventService/FetchingTest.java                 generic-all

# NPE on windows 2000 i586 -client and -server
javax/management/eventService/CustomForwarderTest.java          windows-all

# Windows i586 failure, callback did not complete
javax/management/eventService/LeaseManagerDeadlockTest.java     windows-all

# Port already in use
sun/management/jmxremote/bootstrap/LocalManagementTest.sh       generic-all

# Failed to initialize connector (also overflowing jtreg io buffers)
sun/management/jmxremote/bootstrap/RmiBootstrapTest.sh          generic-all
sun/management/jmxremote/bootstrap/RmiSslBootstrapTest.sh       generic-all

# Windows X64, java.lang.IllegalStateException
javax/management/monitor/AttributeArbitraryDataTypeTest.java    generic-all

# 7149181
sun/management/jmxremote/startstop/JMXStartStopTest.sh          generic-all

############################################################################

# jdk_math

############################################################################

# jdk_misc

# 6988950
demo/jvmti/compiledMethodLoad/CompiledMethodLoadTest.java       generic-all

# 7056489
com/sun/jndi/ldap/ReadTimeoutTest.java                          generic-all

# 7162111
demo/jvmti/mtrace/TraceJFrame.java                              macosx-all
javax/script/CauseExceptionTest.java                            macosx-all
javax/script/GetInterfaceTest.java                              macosx-all
javax/script/JavaScriptScopeTest.java                           macosx-all
javax/script/NullUndefinedVarTest.java                          macosx-all
javax/script/PluggableContextTest.java                          macosx-all
javax/script/ProviderTest.sh                                    macosx-all
javax/script/RhinoExceptionTest.java                            macosx-all
javax/script/StringWriterPrintTest.java                         macosx-all
javax/script/Test1.java                                         macosx-all
javax/script/Test2.java                                         macosx-all
javax/script/Test3.java                                         macosx-all
javax/script/Test4.java                                         macosx-all
javax/script/Test5.java                                         macosx-all
javax/script/Test6.java                                         macosx-all
javax/script/Test7.java                                         macosx-all
javax/script/Test8.java                                         macosx-all
javax/script/UnescapedBracketRegExTest.java                     macosx-all
javax/script/VersionTest.java                                   macosx-all

############################################################################

# jdk_net

# 7122846
java/net/MulticastSocket/NoLoopbackPackets.java                  macosx-all
java/net/MulticastSocket/SetLoopbackMode.java                    macosx-all

# 7145658
java/net/MulticastSocket/Test.java                               macosx-all

#7143960
java/net/DatagramSocket/SendDatagramToBadAddress.java            macosx-all

# 7148829
sun/net/InetAddress/nameservice/simple/CacheTest.java		generic-all
sun/net/InetAddress/nameservice/simple/DefaultCaching.java	generic-all

# 7161936
sun/net/www/http/HttpClient/RetryPost.sh			macosx-all
sun/net/www/protocol/http/B5017051.java				macosx-all
sun/net/www/protocol/http/B6369510.java				macosx-all
sun/net/www/protocol/http/StreamingOutputStream.java		macosx-all
sun/net/www/protocol/http/UserAuth.java				macosx-all
sun/net/www/protocol/http/UserCookie.java			macosx-all

# 7162118
java/net/CookieHandler/CookieManagerTest.java			macosx-all

# 7162123
test/java/net/InetSocketAddress/B6469803.java			macosx-all

# JPRT needs to set 127.0.0.1 in proxy bypass list
java/net/URLClassLoader/closetest/CloseTest.java		macosx-all

############################################################################

# jdk_io

# 6962637
java/io/File/MaxPathLength.java                                 windows-all

# 7162111 - these tests need to be updated to run headless
java/io/Serializable/resolveClass/deserializeButton/run.sh      macosx-all
java/io/Serializable/serialver/classpath/run.sh                 macosx-all
java/io/Serializable/serialver/nested/run.sh                    macosx-all

############################################################################

# jdk_nio

# 6963118
java/nio/channels/Selector/Wakeup.java                          windows-all

# 7133499, 7133497
java/nio/channels/AsyncCloseAndInterrupt.java 			macosx-all
java/nio/channels/AsynchronousFileChannel/Lock.java 		macosx-all
java/nio/channels/FileChannel/Transfer.java 			macosx-all

# 7141822
java/nio/channels/DatagramChannel/ChangingAddress.java		macosx-all

# 7132677
java/nio/channels/Selector/OutOfBand.java			macosx-all

############################################################################

# jdk_rmi

# Port already in use, fails on sparc, othervm
java/rmi/reliability/benchmark/runRmiBench.sh                   generic-all

# Already in use port issues? othervm solaris
java/rmi/activation/rmidViaInheritedChannel/InheritedChannelNotServerSocket.java generic-all
java/rmi/activation/rmidViaInheritedChannel/RmidViaInheritedChannel.java generic-all

java/rmi/transport/rapidExportUnexport/RapidExportUnexport.java         generic-all
java/rmi/transport/dgcDeadLock/TestImpl_Stub.java                       generic-all

# Address already in use, othervm mode, solaris
java/rmi/activation/Activatable/elucidateNoSuchMethod/ElucidateNoSuchMethod.java        generic-all
java/rmi/activation/Activatable/forceLogSnapshot/ForceLogSnapshot.java  generic-all

# Registry already running on port, solaris
java/rmi/Naming/legalRegistryNames/LegalRegistryNames.java      generic-all

# 7146541
java/rmi/transport/rapidExportUnexport/RapidExportUnexport.java	linux-all

# Times out on solaris sparc
java/rmi/server/RemoteServer/AddrInUse.java                     generic-all

# Connection error on Windows i586 -server
#  Also connection errors in othervm on Solaris 10 sparc, same port???
sun/rmi/transport/tcp/DeadCachedConnection.java                 generic-all

# Connection errors in othervm on Solaris 10 sparc, same port???
java/rmi/activation/Activatable/checkActivateRef/CheckActivateRef.java generic-all
java/rmi/activation/Activatable/checkAnnotations/CheckAnnotations.java generic-all
java/rmi/activation/Activatable/checkImplClassLoader/CheckImplClassLoader.java generic-all
java/rmi/activation/Activatable/checkRegisterInLog/CheckRegisterInLog.java generic-all
java/rmi/activation/Activatable/createPrivateActivable/CreatePrivateActivatable.java generic-all
java/rmi/activation/Activatable/downloadParameterClass/DownloadParameterClass.java generic-all
java/rmi/activation/Activatable/extLoadedImpl/ext.sh generic-all
java/rmi/activation/Activatable/inactiveGroup/InactiveGroup.java generic-all
java/rmi/activation/Activatable/lookupActivationSystem/LookupActivationSystem.java generic-all
java/rmi/activation/Activatable/nestedActivate/NestedActivate.java generic-all
java/rmi/activation/Activatable/restartCrashedService/RestartCrashedService.java generic-all
java/rmi/activation/Activatable/restartLatecomer/RestartLatecomer.java generic-all
java/rmi/activation/Activatable/shutdownGracefully/ShutdownGracefully.java generic-all
java/rmi/activation/Activatable/unregisterInactive/UnregisterInactive.java generic-all
java/rmi/activation/ActivateFailedException/activateFails/ActivateFails.java generic-all
java/rmi/activation/ActivationGroup/downloadActivationGroup/DownloadActivationGroup.java generic-all
java/rmi/activation/ActivationSystem/activeGroup/IdempotentActiveGroup.java generic-all
java/rmi/reliability/juicer/AppleUserImpl.java generic-all
java/rmi/server/RMISocketFactory/useSocketFactory/unicast/UseCustomSocketFactory.java generic-all
java/rmi/server/UnicastRemoteObject/keepAliveDuringCall/KeepAliveDuringCall.java generic-all
java/rmi/transport/handshakeTimeout/HandshakeTimeout.java generic-all
java/rmi/activation/Activatable/restartService/RestartService.java generic-all
java/rmi/activation/ActivationSystem/modifyDescriptor/ModifyDescriptor.java generic-all
java/rmi/activation/ActivationSystem/stubClassesPermitted/StubClassesPermitted.java generic-all
java/rmi/activation/ActivationSystem/unregisterGroup/UnregisterGroup.java generic-all
java/rmi/activation/CommandEnvironment/SetChildEnv.java generic-all
java/rmi/registry/classPathCodebase/ClassPathCodebase.java generic-all
java/rmi/registry/reexport/Reexport.java generic-all
java/rmi/server/Unreferenced/leaseCheckInterval/LeaseCheckInterval.java generic-all
java/rmi/server/Unreferenced/unreferencedContext/UnreferencedContext.java generic-all
java/rmi/server/useCustomRef/UseCustomRef.java generic-all
java/rmi/transport/checkFQDN/CheckFQDN.java generic-all
java/rmi/transport/checkLeaseInfoLeak/CheckLeaseLeak.java generic-all
java/rmi/server/RMISocketFactory/useSocketFactory/activatable/UseCustomSocketFactory.java generic-all
java/rmi/server/RMISocketFactory/useSocketFactory/registry/UseCustomSocketFactory.java generic-all
java/rmi/server/UnicastRemoteObject/unexportObject/UnexportLeak.java generic-all

# 7142596
java/rmi/transport/httpSocket/HttpSocketTest.java		macosx-all

############################################################################

# jdk_security

# Failing on Solaris i586, 3/9/2010, not a -samevm issue (jdk_security3)
sun/security/pkcs11/Secmod/AddPrivateKey.java                   solaris-i586
sun/security/pkcs11/ec/ReadCertificates.java                    solaris-i586
sun/security/pkcs11/ec/ReadPKCS12.java                          solaris-i586
sun/security/pkcs11/ec/TestCurves.java                          solaris-i586
sun/security/pkcs11/ec/TestECDSA.java                           solaris-i586
#sun/security/pkcs11/ec/TestECGenSpec.java                       solaris-i586
#sun/security/pkcs11/ec/TestKeyFactory.java                      solaris-i586
sun/security/pkcs11/sslecc/ClientJSSEServerJSSE.java            generic-all

# Directly references PKCS11 class
sun/security/pkcs11/Provider/Absolute.java                      windows-x64

# Fails on Fedora 9/Ubuntu 10.04 64bit, PKCS11Exception: CKR_DEVICE_ERROR
sun/security/pkcs11/KeyAgreement/TestDH.java                    generic-all

# Run too slow on Solaris 10 sparc
sun/security/ssl/com/sun/net/ssl/internal/ssl/InputRecord/SSLSocketTimeoutNulls.java solaris-sparc
sun/security/ssl/com/sun/net/ssl/internal/ssl/SSLSocketImpl/ClientTimeout.java solaris-sparc
sun/security/ssl/com/sun/net/ssl/internal/ssl/SSLSocketImpl/ServerTimeout.java solaris-sparc
sun/security/ssl/sun/net/www/protocol/https/HttpsURLConnection/ReadTimeout.java solaris-sparc
sun/security/ssl/com/sun/net/ssl/internal/ssl/SSLSocketImpl/NotifyHandshakeTest.sh solaris-sparc

# Solaris 10 sparc, passed/failed confusion? java.security.ProviderException: update() failed
sun/security/ssl/com/sun/net/ssl/internal/ssl/SSLSocketImpl/AsyncSSLSocketClose.java generic-all

# Timed out, Solaris 10 64bit sparcv9
com/sun/crypto/provider/Cipher/DES/PaddingTest.java             generic-all

# Othervm, sparc, NoRouteToHostException: Cannot assign requested address
sun/security/ssl/javax/net/ssl/NewAPIs/SessionCacheSizeTests.java generic-all

# Times out on windows X64, othervm mode
#    Solaris sparc and sparcv9 -server, timeout
sun/security/ssl/javax/net/ssl/NewAPIs/SessionTimeOutTests.java generic-all

# Various failures on Linux Fedora 9 X64, othervm mode
sun/security/ssl/javax/net/ssl/NewAPIs/SSLEngine/TestAllSuites.java generic-all
sun/security/ssl/sanity/ciphersuites/CheckCipherSuites.java     generic-all

# Various failures on Linux Fedora 9 X64, othervm mode
sun/security/ssl/sanity/interop/ClientJSSEServerJSSE.java       generic-all

# Solaris 11 i586, these all fail with samevm, need to be othervm???
java/security/SecureClassLoader/DefineClassByteBuffer.java      generic-all

# Timeout on solaris-sparc and i586 and x64, -client and -server
sun/security/ssl/com/sun/net/ssl/internal/ssl/InputRecord/InterruptedIO.java solaris-all

# 7147060
com/sun/org/apache/xml/internal/security/transforms/ClassLoaderTest.java        generic-all

############################################################################

# jdk_swing

############################################################################

# jdk_text

# Linux x64 occasional errors, no details
java/text/Bidi/Bug6665028.java                                  linux-x64

############################################################################

# jdk_tools

# 6461635
com/sun/tools/attach/BasicTests.sh                              generic-all

# Filed 6952105
com/sun/jdi/SuspendThreadTest.java                              generic-all

# Filed 6987312
com/sun/jdi/DoubleAgentTest.java                                generic-all

# Filed 6986875
sun/tools/jps/jps-Vvml.sh                                       generic-all

# Filed 6979016
sun/tools/jconsole/ResourceCheckTest.sh                         generic-all

# 7132203
sun/jvmstat/monitor/MonitoredVm/CR6672135.java                  generic-all

# 7162111
sun/tools/jrunscript/jrunscript-DTest.sh			macosx-all
sun/tools/jrunscript/jrunscript-argsTest.sh			macosx-all
sun/tools/jrunscript/jrunscript-cpTest.sh			macosx-all
sun/tools/jrunscript/jrunscript-eTest.sh			macosx-all
sun/tools/jrunscript/jrunscript-fTest.sh			macosx-all
sun/tools/jrunscript/jrunscriptTest.sh				macosx-all

# 8001118
sun/tools/jcmd/jcmd-f.sh					generic-all
sun/tools/jcmd/jcmd-help-help.sh				generic-all

# 7175775
sun/tools/jinfo/Basic.sh					macosx-all

############################################################################

# jdk_util

# Need 7094995 back-ported from jdk8
java/util/zip/ZipFile/ClearStaleZipFileInputStreams.java	macosx-all

# Filed 7027061
java/util/Locale/Bug6989440.java                                windows-all

# Filed 6933803
java/util/concurrent/ThreadPoolExecutor/CoreThreadTimeOut.java  generic-all

# Filed 7022325
# Fails with assertion error on windows
#   11 separate stacktraces created... file reuse problem?
java/util/zip/ZipFile/ReadLongZipFileName.java                  generic-all

# Assert error, failures, on Linux Fedora 9 -server
#   Windows samevm failure, assert error "Passed = 134, failed = 2"
java/util/Arrays/ArrayObjectMethods.java                        generic-all

# Windows 2000, -client, samevm, java.lang.Error: Completed != 2
java/util/concurrent/locks/ReentrantLock/CancelledLockLoops.java generic-all

# Windows X64, Executor Stuck samevm mode:
java/util/concurrent/FutureTask/BlockingTaskExecutor.java       generic-all

# Problems on windows, jmap.exe hangs? (these run jmap), fails on Solaris 10 x86
java/util/concurrent/locks/Lock/TimedAcquireLeak.java           generic-all

# 7162111
java/util/ResourceBundle/Control/Bug6530694.java		macosx-all
java/util/logging/LoggingDeadlock4.java				macosx-all

# 7041639, Solaris DSA keypair generation bug
java/util/TimeZone/TimeZoneDatePermissionCheck.sh               solaris-all

############################################################################


